<?xml version="1.0" encoding="UTF-8"?>
<testng-results skipped="0" failed="0" ignored="0" total="1" passed="1">
  <reporter-output>
  </reporter-output>
  <suite name="Default suite" duration-ms="4445" started-at="2021-07-18T14:05:55Z" finished-at="2021-07-18T14:05:59Z">
    <groups>
    </groups>
    <test name="Default test" duration-ms="4445" started-at="2021-07-18T14:05:55Z" finished-at="2021-07-18T14:05:59Z">
      <class name="com.seleniumframework.testcases.LoginTestCRM">
        <test-method status="PASS" signature="setUp()[pri:0, instance:com.seleniumframework.testcases.LoginTestCRM@553f17c]" name="setUp" is-config="true" duration-ms="3472" started-at="2021-07-18T14:05:55Z" finished-at="2021-07-18T14:05:58Z">
          <reporter-output>
          </reporter-output>
        </test-method> <!-- setUp -->
        <test-method status="PASS" signature="loginApp()[pri:0, instance:com.seleniumframework.testcases.LoginTestCRM@553f17c]" name="loginApp" duration-ms="957" started-at="2021-07-18T14:05:58Z" finished-at="2021-07-18T14:05:59Z">
          <reporter-output>
          </reporter-output>
        </test-method> <!-- loginApp -->
      </class> <!-- com.seleniumframework.testcases.LoginTestCRM -->
    </test> <!-- Default test -->
  </suite> <!-- Default suite -->
</testng-results>
